<?xml version="1.0" encoding="UTF-8"?>
<!-- Generated by org.testng.reporters.JUnitXMLReporter -->
<testsuite ignored="0" hostname="DESKTOP-0J3DD0K" failures="0" tests="10" name="my Test" time="23.511" errors="0" timestamp="2024-07-04T12:06:46 IST">
  <testcase classname="TestNG1.adminMyPC" name="openapp" time="1.687"/>
  <testcase classname="TestNG1.adminMyPC" name="login" time="0.341"/>
  <testcase classname="TestNG1.adminMyPC" name="LoginMyPC" time="3.151"/>
  <testcase classname="TestNG1.adminMyPC" name="admin" time="5.005"/>
  <testcase classname="TestNG1.adminMyPC" name="site" time="2.825"/>
  <testcase classname="TestNG1.MyPCLogin" name="openapp" time="1.342"/>
  <testcase classname="TestNG1.MyPCLogin" name="loginCire" time="0.345"/>
  <testcase classname="TestNG1.MyPCLogin" name="loginMyPC" time="0.527"/>
  <testcase classname="TestNG1.MyPCLogin" name="booking" time="6.969"/>
  <testcase classname="TestNG1.MyPCLogin" name="logout" time="1.263"/>
</testsuite> <!-- my Test -->
