<?xml version="1.0" encoding="UTF-8"?>
<!-- Generated by org.testng.reporters.JUnitXMLReporter -->
<testsuite ignored="0" hostname="DESKTOP-0J3DD0K" failures="0" tests="5" name="Default test" time="9.313" errors="0" timestamp="2024-07-03T17:28:55 IST">
  <testcase classname="TestNG1.adminMyPC" name="openapp" time="2.221"/>
  <testcase classname="TestNG1.adminMyPC" name="login" time="0.641"/>
  <testcase classname="TestNG1.adminMyPC" name="LoginMyPC" time="1.026"/>
  <testcase classname="TestNG1.adminMyPC" name="admin" time="1.287"/>
  <testcase classname="TestNG1.adminMyPC" name="site" time="4.09"/>
</testsuite> <!-- Default test -->
