<?xml version="1.0" encoding="UTF-8"?>
<!-- Generated by org.testng.reporters.JUnitXMLReporter -->
<testsuite ignored="0" hostname="DESKTOP-0J3DD0K" failures="0" tests="5" name="Test" time="7.234" errors="0" timestamp="2024-07-03T17:34:07 IST">
  <testcase classname="TestNG1.adminMyPC" name="openapp" time="1.769"/>
  <testcase classname="TestNG1.adminMyPC" name="login" time="0.372"/>
  <testcase classname="TestNG1.adminMyPC" name="LoginMyPC" time="0.579"/>
  <testcase classname="TestNG1.adminMyPC" name="admin" time="1.438"/>
  <testcase classname="TestNG1.adminMyPC" name="site" time="3.035"/>
</testsuite> <!-- Test -->
