<?xml version="1.0" encoding="UTF-8"?>
<testng-results ignored="0" total="10" passed="10" failed="0" skipped="0">
  <reporter-output>
  </reporter-output>
  <suite started-at="2024-07-04T12:06:22 IST" name="mySuite" finished-at="2024-07-04T12:06:46 IST" duration-ms="23511">
    <groups>
    </groups>
    <test started-at="2024-07-04T12:06:22 IST" name="my Test" finished-at="2024-07-04T12:06:46 IST" duration-ms="23511">
      <class name="TestNG1.MyPCLogin">
        <test-method signature="openapp()[pri:1, instance:TestNG1.MyPCLogin@32eff876]" started-at="2024-07-04T12:06:35 IST" name="openapp" finished-at="2024-07-04T12:06:37 IST" duration-ms="1342" status="PASS">
          <reporter-output>
          </reporter-output>
        </test-method> <!-- openapp -->
        <test-method signature="loginCire()[pri:2, instance:TestNG1.MyPCLogin@32eff876]" started-at="2024-07-04T12:06:37 IST" name="loginCire" finished-at="2024-07-04T12:06:37 IST" duration-ms="345" status="PASS">
          <reporter-output>
          </reporter-output>
        </test-method> <!-- loginCire -->
        <test-method signature="loginMyPC()[pri:3, instance:TestNG1.MyPCLogin@32eff876]" started-at="2024-07-04T12:06:37 IST" name="loginMyPC" finished-at="2024-07-04T12:06:37 IST" duration-ms="527" status="PASS">
          <reporter-output>
          </reporter-output>
        </test-method> <!-- loginMyPC -->
        <test-method signature="booking()[pri:4, instance:TestNG1.MyPCLogin@32eff876]" started-at="2024-07-04T12:06:37 IST" name="booking" finished-at="2024-07-04T12:06:44 IST" duration-ms="6969" status="PASS">
          <reporter-output>
          </reporter-output>
        </test-method> <!-- booking -->
        <test-method signature="logout()[pri:5, instance:TestNG1.MyPCLogin@32eff876]" started-at="2024-07-04T12:06:44 IST" name="logout" finished-at="2024-07-04T12:06:46 IST" duration-ms="1263" status="PASS">
          <reporter-output>
          </reporter-output>
        </test-method> <!-- logout -->
      </class> <!-- TestNG1.MyPCLogin -->
      <class name="TestNG1.adminMyPC">
        <test-method signature="openapp()[pri:1, instance:TestNG1.adminMyPC@42e99e4a]" started-at="2024-07-04T12:06:22 IST" name="openapp" finished-at="2024-07-04T12:06:24 IST" duration-ms="1687" status="PASS">
          <reporter-output>
          </reporter-output>
        </test-method> <!-- openapp -->
        <test-method signature="login()[pri:2, instance:TestNG1.adminMyPC@42e99e4a]" started-at="2024-07-04T12:06:24 IST" name="login" finished-at="2024-07-04T12:06:24 IST" duration-ms="341" status="PASS">
          <reporter-output>
          </reporter-output>
        </test-method> <!-- login -->
        <test-method signature="LoginMyPC()[pri:3, instance:TestNG1.adminMyPC@42e99e4a]" started-at="2024-07-04T12:06:24 IST" name="LoginMyPC" finished-at="2024-07-04T12:06:27 IST" duration-ms="3151" status="PASS">
          <reporter-output>
          </reporter-output>
        </test-method> <!-- LoginMyPC -->
        <test-method signature="admin()[pri:4, instance:TestNG1.adminMyPC@42e99e4a]" started-at="2024-07-04T12:06:27 IST" name="admin" finished-at="2024-07-04T12:06:32 IST" duration-ms="5005" status="PASS">
          <reporter-output>
          </reporter-output>
        </test-method> <!-- admin -->
        <test-method signature="site()[pri:5, instance:TestNG1.adminMyPC@42e99e4a]" started-at="2024-07-04T12:06:32 IST" name="site" finished-at="2024-07-04T12:06:35 IST" duration-ms="2825" status="PASS">
          <reporter-output>
          </reporter-output>
        </test-method> <!-- site -->
      </class> <!-- TestNG1.adminMyPC -->
    </test> <!-- my Test -->
  </suite> <!-- mySuite -->
</testng-results>
